2021-07-17 11:54:25,017 [Worker-6: Loading available Gradle versions] INFO  o.e.b.c.i.u.g.PublishedGradleVersions - Gradle version information cache is up-to-date. Trying to read.
2021-07-18 07:37:45,690 [Worker-2: Loading available Gradle versions] INFO  o.e.b.c.i.u.g.PublishedGradleVersions - Gradle version information cache is up-to-date. Trying to read.
2021-07-18 07:39:49,695 [Worker-11: Building] INFO  o.e.m.c.i.l.LifecycleMappingFactory - Using org.eclipse.m2e.jdt.JarLifecycleMapping lifecycle mapping for MavenProject: com.canterita.challenge.backend.test:restaurant-order-main:0.0.1-SNAPSHOT @ /home/juancarlos/workspace/restaurant-order-main.zip_expanded/restaurant-order-main/pom.xml.
2021-07-18 07:39:55,298 [Worker-11: Building] INFO  o.e.m.c.i.embedder.EclipseLogger - Using 'UTF-8' encoding to copy filtered resources.
2021-07-18 07:39:55,303 [Worker-11: Building] INFO  o.e.m.c.i.embedder.EclipseLogger - Copying 1 resource
2021-07-18 07:39:55,320 [Worker-11: Building] INFO  o.e.m.c.i.embedder.EclipseLogger - Copying 1 resource
2021-07-18 07:39:55,332 [Worker-11: Building] INFO  o.e.m.c.i.embedder.EclipseLogger - Using 'UTF-8' encoding to copy filtered resources.
2021-07-18 07:39:55,332 [Worker-11: Building] INFO  o.e.m.c.i.embedder.EclipseLogger - skip non existing resourceDirectory /home/juancarlos/workspace/restaurant-order-main.zip_expanded/restaurant-order-main/src/test/resources
2021-07-18 07:39:56,657 [Worker-11: Updating Maven Dependencies] INFO  o.e.m.c.i.l.LifecycleMappingFactory - Using org.eclipse.m2e.jdt.JarLifecycleMapping lifecycle mapping for MavenProject: com.canterita.challenge.backend.test:restaurant-order-main:0.0.1-SNAPSHOT @ /home/juancarlos/workspace/restaurant-order-main.zip_expanded/restaurant-order-main/pom.xml.
2021-07-18 07:39:58,134 [Worker-12: Building] INFO  o.e.m.c.i.embedder.EclipseLogger - Using 'UTF-8' encoding to copy filtered resources.
2021-07-18 07:39:58,139 [Worker-12: Building] INFO  o.e.m.c.i.embedder.EclipseLogger - Copying 0 resource
2021-07-18 07:39:58,139 [Worker-12: Building] INFO  o.e.m.c.i.embedder.EclipseLogger - Copying 0 resource
2021-07-18 07:39:58,146 [Worker-12: Building] INFO  o.e.m.c.i.embedder.EclipseLogger - Using 'UTF-8' encoding to copy filtered resources.
2021-07-18 07:39:58,146 [Worker-12: Building] INFO  o.e.m.c.i.embedder.EclipseLogger - skip non existing resourceDirectory /home/juancarlos/workspace/restaurant-order-main.zip_expanded/restaurant-order-main/src/test/resources
2021-07-18 08:37:06,598 [Worker-29: Building] INFO  o.e.m.c.i.embedder.EclipseLogger - Using 'UTF-8' encoding to copy filtered resources.
2021-07-18 08:37:06,724 [Worker-29: Building] INFO  o.e.m.c.i.embedder.EclipseLogger - Copying 1 resource
2021-07-18 08:37:06,741 [Worker-29: Building] INFO  o.e.m.c.i.embedder.EclipseLogger - Copying 1 resource
2021-07-18 08:37:06,744 [Worker-29: Building] INFO  o.e.m.c.i.embedder.EclipseLogger - Using 'UTF-8' encoding to copy filtered resources.
2021-07-18 08:37:06,745 [Worker-29: Building] INFO  o.e.m.c.i.embedder.EclipseLogger - skip non existing resourceDirectory /home/juancarlos/workspace/restaurant-order-main.zip_expanded/restaurant-order-main/src/test/resources
2021-07-18 08:40:58,840 [Worker-28: Building] INFO  o.e.m.c.i.embedder.EclipseLogger - Using 'UTF-8' encoding to copy filtered resources.
2021-07-18 08:40:58,842 [Worker-28: Building] INFO  o.e.m.c.i.embedder.EclipseLogger - Copying 1 resource
2021-07-18 08:40:58,843 [Worker-28: Building] INFO  o.e.m.c.i.embedder.EclipseLogger - Copying 1 resource
2021-07-18 08:40:58,847 [Worker-28: Building] INFO  o.e.m.c.i.embedder.EclipseLogger - Using 'UTF-8' encoding to copy filtered resources.
2021-07-18 08:40:58,848 [Worker-28: Building] INFO  o.e.m.c.i.embedder.EclipseLogger - skip non existing resourceDirectory /home/juancarlos/workspace/restaurant-order-main.zip_expanded/restaurant-order-main/src/test/resources
2021-07-18 08:43:19,150 [Worker-25: Building] INFO  o.e.m.c.i.embedder.EclipseLogger - Using 'UTF-8' encoding to copy filtered resources.
2021-07-18 08:43:19,151 [Worker-25: Building] INFO  o.e.m.c.i.embedder.EclipseLogger - Copying 1 resource
2021-07-18 08:43:19,152 [Worker-25: Building] INFO  o.e.m.c.i.embedder.EclipseLogger - Copying 1 resource
2021-07-18 08:43:19,155 [Worker-25: Building] INFO  o.e.m.c.i.embedder.EclipseLogger - Using 'UTF-8' encoding to copy filtered resources.
2021-07-18 08:43:19,155 [Worker-25: Building] INFO  o.e.m.c.i.embedder.EclipseLogger - skip non existing resourceDirectory /home/juancarlos/workspace/restaurant-order-main.zip_expanded/restaurant-order-main/src/test/resources
2021-07-18 08:44:30,774 [Worker-28: Building] INFO  o.e.m.c.i.embedder.EclipseLogger - Using 'UTF-8' encoding to copy filtered resources.
2021-07-18 08:44:30,775 [Worker-28: Building] INFO  o.e.m.c.i.embedder.EclipseLogger - Copying 1 resource
2021-07-18 08:44:30,776 [Worker-28: Building] INFO  o.e.m.c.i.embedder.EclipseLogger - Copying 1 resource
2021-07-18 08:44:30,779 [Worker-28: Building] INFO  o.e.m.c.i.embedder.EclipseLogger - Using 'UTF-8' encoding to copy filtered resources.
2021-07-18 08:44:30,779 [Worker-28: Building] INFO  o.e.m.c.i.embedder.EclipseLogger - skip non existing resourceDirectory /home/juancarlos/workspace/restaurant-order-main.zip_expanded/restaurant-order-main/src/test/resources
2021-07-18 11:12:16,280 [Worker-0: Loading available Gradle versions] INFO  o.e.b.c.i.u.g.PublishedGradleVersions - Gradle version information cache is out-of-date. Trying to update.
2021-07-18 12:31:48,079 [Worker-4: Loading available Gradle versions] INFO  o.e.b.c.i.u.g.PublishedGradleVersions - Gradle version information cache is up-to-date. Trying to read.
2021-07-18 12:49:28,318 [Worker-13: Building] INFO  o.e.m.c.i.embedder.EclipseLogger - Using 'UTF-8' encoding to copy filtered resources.
2021-07-18 12:49:28,344 [Worker-13: Building] INFO  o.e.m.c.i.embedder.EclipseLogger - Copying 1 resource
2021-07-18 12:49:28,362 [Worker-13: Building] INFO  o.e.m.c.i.embedder.EclipseLogger - Copying 1 resource
2021-07-18 12:49:28,383 [Worker-13: Building] INFO  o.e.m.c.i.embedder.EclipseLogger - Using 'UTF-8' encoding to copy filtered resources.
2021-07-18 12:49:28,383 [Worker-13: Building] INFO  o.e.m.c.i.embedder.EclipseLogger - skip non existing resourceDirectory /home/juancarlos/workspace/restaurant-order-main.zip_expanded/restaurant-order-main/src/test/resources
2021-07-19 05:47:44,151 [Worker-1: Loading available Gradle versions] INFO  o.e.b.c.i.u.g.PublishedGradleVersions - Gradle version information cache is up-to-date. Trying to read.
2021-07-19 06:04:41,925 [Worker-6: Launching restaurant-order-main - RestaurantApplication] INFO  o.e.m.c.i.embedder.EclipseLogger - Using 'UTF-8' encoding to copy filtered resources.
2021-07-19 06:04:41,953 [Worker-6: Launching restaurant-order-main - RestaurantApplication] INFO  o.e.m.c.i.embedder.EclipseLogger - Copying 1 resource
2021-07-19 06:04:41,968 [Worker-6: Launching restaurant-order-main - RestaurantApplication] INFO  o.e.m.c.i.embedder.EclipseLogger - Copying 1 resource
2021-07-19 06:04:42,016 [Worker-6: Launching restaurant-order-main - RestaurantApplication] INFO  o.e.m.c.i.embedder.EclipseLogger - Using 'UTF-8' encoding to copy filtered resources.
2021-07-19 06:04:42,016 [Worker-6: Launching restaurant-order-main - RestaurantApplication] INFO  o.e.m.c.i.embedder.EclipseLogger - skip non existing resourceDirectory /home/juancarlos/workspace/restaurant-order-main.zip_expanded/restaurant-order-main/src/test/resources
